<?xml version="1.0" encoding="UTF-8"?>
<testng-results ignored="0" total="1" passed="1" failed="0" skipped="0">
  <reporter-output>
  </reporter-output>
  <suite started-at="2023-03-14T16:17:23 IST" name="Default suite" finished-at="2023-03-14T16:17:43 IST" duration-ms="19996">
    <groups>
    </groups>
    <test started-at="2023-03-14T16:17:23 IST" name="Default test" finished-at="2023-03-14T16:17:43 IST" duration-ms="19996">
      <class name="abc.amazon">
        <test-method signature="tests()[pri:0, instance:abc.amazon@4944252c]" started-at="2023-03-14T16:17:23 IST" name="tests" finished-at="2023-03-14T16:17:43 IST" duration-ms="19914" status="PASS">
          <reporter-output>
          </reporter-output>
        </test-method> <!-- tests -->
      </class> <!-- abc.amazon -->
    </test> <!-- Default test -->
  </suite> <!-- Default suite -->
</testng-results>
